a_ebay_webf
ddm_tns
dw_ab
dw_abtm
dw_acblns
dw_acct
dw_adj
dw_adn
dw_ame
dw_ams
dw_ap_stspd
dw_api
dw_apib
dw_apt
dw_ase
dw_attr
dw_bid
dw_bip
dw_bw
dw_cal
dw_cart
dw_cbt
dw_ck
dw_clsfd
dw_cmc
dw_cofala
dw_comm
dw_coreimk
dw_cs
dw_cte
dw_ctlg
dw_da
dw_dc
dw_ddg
dw_dim
dw_dlp
dw_dp
dw_ebx
dw_ems
dw_eps
dw_ere
dw_esa00
dw_esa01
dw_esa02
dw_esm
dw_eucrm
dw_event
dw_fam
dw_fast_load
dw_fdbk
dw_fdbkcfs
dw_fetr
dw_ffu
dw_find
dw_fndng
dw_gb
dw_gem
dw_gem2
dw_halfi
dw_idm_mi
dw_imk
dw_ims
dw_inctv
dw_infra
dw_items
dw_itrpt
dw_kwdm
dw_lkp
dw_lstg
dw_lstg_m
dw_lstg_nonsla
dw_lstg_s
dw_mao
dw_mc
dw_mdm
dw_merch
dw_mi
dw_mi_esa01
dw_mi_lookups
dw_midw_prs
dw_mip
dw_motors
dw_myebay
dw_ngdf
dw_nhbr
dw_npo
dw_nps
dw_nss
dw_odr
dw_odr_bak
dw_page
dw_pb
dw_pcp
dw_pg
dw_po
dw_pp
dw_prs
dw_ps
dw_pymt
dw_raf
dw_recon
dw_reg
dw_rfm
dw_rtm
dw_rtp
dw_sa
dw_sar
dw_sbscr
dw_sc
dw_se
dw_sem
dw_sf
dw_sh
dw_shop
dw_shpmt
dw_sil
dw_smpl
dw_soj
dw_soj_el
dw_soj_hist
dw_soj_sla
dw_sr
dw_srchcst
dw_ss
dw_stor
dw_subs
dw_surv
dw_sv
dw_syi
dw_tbar
dw_tm
dw_tns
dw_tns_lbr
dw_tss
dw_tuv
dw_uap
dw_uas
dw_uc
dw_ue
dw_uscore
dw_usegm
dw_usegm_cs
dw_usegm_sla
dw_user
dw_user_anlytc
dw_userd
dw_valve
dw_vcru
dw_weban
dw_webf
dw_wfm
dw_win
ice
mi_sua
mi_trust
midw_prs
o_acct
o_acxiom
o_ad
o_advt
o_api
o_apropos
o_avaya
o_bid
o_billing
o_bmp
o_ck
o_corp_hr
o_coupon
o_cs
o_cw2ahab
o_ems
o_fdbk
o_feral
o_find
o_find_test
o_idm_tradera
o_kana
o_kana_pp
o_kronos
o_lstg
o_lstg_m
o_mdms
o_motors
o_odr
o_pg
o_pp
o_prstr
o_qaas
o_rtm
o_srch
o_talisma
o_tns
o_tuv
o_user
o_webf
o_witness
ods_unica
ods_user
odw_rstr
prdm
