Zone              ENV_CLASS GlobalZone   Location   Type   Vip            RemoteLocation
zaisetlcore01     0        phxaisetl013   phx   primary   aisetlcore01   srw
zaisetlcore02     0        srwaisetl013   srw   primary   aisetlcore02   phx
zaisetlcore03     0        phxaisetl014   phx   primary   aisetlcore03   srw
zaisetlcore04     0        srwaisetl014   srw   primary   aisetlcore04   phx
zaisetlodw01      0        srwaisetl014   srw   primary   aisetlodw01    phx
zaisetlcsts01     0        srwaisetl015   srw   primary   aisetlcsts01   phx
zaisetlats01      0        phxaisetl015   phx   primary   aisetlats01    srw
zaisetlats02      0        srwaisetl015   srw   primary   aisetlats02    phx
zaisetlats03      0        phxaisetl019   phx   primary   aisetlats03    srw
zaisetltms01      0        phxaisetl014   phx   primary   aisetltms01    srw
zaisetltms02      0        srwaisetl013   srw   primary   aisetltms02    phx
zaisetlcoreha01   0        phxaisetl016   phx   HA        aisetlcore01   srw
zaisetlcoreha02   0        srwaisetl016   srw   HA        aisetlcore02   phx
zaisetlcoreha03   0        phxaisetl017   phx   HA        aisetlcore03   srw
zaisetlcoreha04   0        srwaisetl017   srw   HA        aisetlcore04   phx
zaisetlodwha01    0        srwaisetl018   srw   HA        aisetlodw01    phx
zaisetlcstsha01   0        srwaisetl018   srw   HA        aisetlcsts01   phx
zaisetlatsha01    0        phxaisetl018   phx   HA        aisetlats01    srw
zaisetlatsha02    0        srwaisetl018   srw   HA        aisetlats02    phx
zaisetltmsha01    0        phxaisetl017   phx   HA        aisetltms01    srw
zaisetltmsha02    0        srwaisetl016   srw   HA        aisetltms02    phx
zaisetlcoredr01   0        srwaisetl016   srw   DR        aisetlcore01   phx
zaisetlcoredr02   0        phxaisetl016   phx   DR        aisetlcore02   srw
zaisetlcoredr03   0        srwaisetl017   srw   DR        aisetlcore03   phx
zaisetlcoredr04   0        phxaisetl017   phx   DR        aisetlcore04   srw
zaisetlodwdr01    0        phxaisetl017   phx   DR        aisetlodw01    srw
zaisetlcstsdr01   0        phxaisetl018   phx   DR        aisetlcsts01   srw
zaisetlatsdr01    0        srwaisetl018   srw   DR        aisetlats01    phx
zaisetlatsdr02    0        phxaisetl018   phx   DR        aisetlats02    srw
zaisetltmsdr01    0        srwaisetl017   srw   DR        aisetltms01    phx
zaisetltmsdr02    0        phxaisetl016   phx   DR        aisetltms02    srw
zaisetlats04      0        phxaisetl021   phx   primary   aisetlats04    srw
zaisetlatsha04    0        phxaisetl022   phx   primary   aisetlats04    srw
zaisetlats05      0        phxaisetl023   phx   HA        aisetlats05    srw
zaisetlatsha05    0        phxaisetl024   phx   HA        aisetlats05    srw
zaisetlcore06     0        lvsaisetl013   lvs   primary   aisetlcore06   phx
zaisetlcsts02     0        lvsaisetl013   lvs   primary   aisetlcsts02   phx
zaisetlcoreha06   0        lvsaisetl014   lvs   HA        aisetlcore06   phx
zaisetlcstsha02   0        lvsaisetl014   lvs   HA        aisetlcsts02   phx
zaisetlcoredr06   0        phxaisetl020   phx   DR        aisetlcore06   lvs
zaisetlcstsdr02   0        phxaisetl020   phx   DR        aisetlcsts02   lvs
lvsapd002         0        lvsapd002      lvs   primary   apdetl002      phx
lvsapd003         0        lvsapd003      lvs   HA        apdetl002      phx
