Zone              EnvType  GlobalZone   Location   Type   Vip            RemoteLocation
zaisetlqa01       0        srwaisetldev01 srw   primary   aisetlqa01     none
zaisetlqaha01     0        srwaisetldev02 srw   primary   aisetlqa01     none
lvsdpelega001.lvs.ebay.com  0 lvsdpelega001  lvs   primary   lvsdpelega001 none
lvsdpelega002.lvs.ebay.com  0 lvsdpelega002  lvs   primary   lvsdpelega002 none
lvsdpelega003.lvs.ebay.com  0 lvsdpelega003  lvs   primary   lvsdpelega003 none
lvsdpelega004.lvs.ebay.com  0 lvsdpelega004  lvs   primary   lvsdpelega004 none
lvsdpelega005.lvs.ebay.com  0 lvsdpelega005  lvs   primary   lvsdpelega005 none
lvsdpelega006.lvs.ebay.com  0 lvsdpelega006  lvs   primary   lvsdpelega006 none
lvsdpelega007.lvs.ebay.com  0 lvsdpelega007  lvs   primary   lvsdpelega007 none
lvsdpelega008.lvs.ebay.com  0 lvsdpelega008  lvs   primary   lvsdpelega008 none
lvsdpelega009.lvs.ebay.com  0 lvsdpelega009  lvs   primary   lvsdpelega009 none
phxdpelega001.phx.ebay.com  0 phxdpelega001  phx   primary   phxdpelega001 none
phxdpelega002.phx.ebay.com  0 phxdpelega002  phx   primary   phxdpelega002 none
phxdpelega003.phx.ebay.com  0 phxdpelega003  phx   primary   phxdpelega003 none
phxdpelega004.phx.ebay.com  0 phxdpelega004  phx   primary   phxdpelega004 none
phxdpelega005.phx.ebay.com  0 phxdpelega005  phx   primary   phxdpelega005 none
phxdpelega006.phx.ebay.com  0 phxdpelega006  phx   primary   phxdpelega006 none
phxdpelega007.phx.ebay.com  0 phxdpelega007  phx   primary   phxdpelega007 none
phxdpelega008.phx.ebay.com  0 phxdpelega008  phx   primary   phxdpelega008 none
phxdpelega009.phx.ebay.com  0 phxdpelega009  phx   primary   phxdpelega009 none
