export DW_TD1_DB=sandcat3
export DW_TD2_DB=sandcat3
export DW_TD3_DB=oscar2
export DW_TD4_DB=crazy
export DW_TD6_DB=oscar2
export DW_TD7_DB=sandcat3
export DW_TD100_DB=ming
export DW_TD101_DB=bach
export DW_HD1_DB=ares
export DW_HD2_DB=apollo
export DW_HD3_DB=artemis
export DW_HD4_DB=apolloqa
export DW_HD5_DB=juno
export DW_HD6_DB=aresqa
export DW_HD7_DB=artemisqa
export DW_HD8_DB=ares
export DW_SP1_DB=olympus
export DW_SP2_DB=hercules
export HD1_NN_URL="hdfs://ares-lvs-nn-ha"
export HD2_NN_URL="hdfs://apollo-phx-nn-ha"
export HD3_NN_URL="hdfs://artemis-lvs-nn-ha:8020"
export HD4_NN_URL="hdfs://apolloqa-phx-nn-ha"
export HD5_NN_URL="hdfs://sd-lvs-nn-ha"
export HD6_NN_URL="hdfs://aressub-lvs-nn-ha"
export HD7_NN_URL="hdfs://artemis-sub-nn-ha"
export HD8_NN_URL="hdfs://ares-lvs-nn-ha"
export SP1_NN_URL="hdfs://olympus"
export SP2_NN_URL="hdfs://hercules"
export HD1_COMPUTE=hd1
export HD1_STORAGE=hd1
export HD1_STORAGE_NN_URL=$HD1_NN_URL
export HD2_COMPUTE=hd2
export HD2_STORAGE=hd2
export HD2_STORAGE_NN_URL=$HD2_NN_URL
export HD3_COMPUTE=hd3
export HD3_STORAGE=hd3
export HD3_STORAGE_NN_URL=$HD3_NN_URL
export HD4_COMPUTE=hd4
export HD4_STORAGE=hd4
export HD4_STORAGE_NN_URL=$HD4_NN_URL
export HD5_COMPUTE=hd5
export HD5_STORAGE=hd5
export HD5_STORAGE_NN_URL=$HD5_NN_URL
export HD6_COMPUTE=hd6
export HD6_STORAGE=hd6
export HD6_STORAGE_NN_URL=$HD6_NN_URL
export HD7_COMPUTE=hd7
export HD7_STORAGE=hd7
export HD7_STORAGE_NN_URL=$HD7_NN_URL
export HD8_COMPUTE=hd8
export HD8_STORAGE=hd8
export HD8_STORAGE_NN_URL=$HD8_NN_URL
export SP1_COMPUTE=sp1
export SP1_STORAGE=hd1
export SP1_STORAGE_NN_URL=$HD1_NN_URL
export SP2_COMPUTE=sp2
export SP2_STORAGE=sp2
export SP2_STORAGE_NN_URL=$SP2_NN_URL
